<?xml version="1.0" encoding="UTF-8"?>
<testsuite xmlns:xsi="http://www.w3.org/2001/XMLSchema-instance" xsi:noNamespaceSchemaLocation="https://maven.apache.org/surefire/maven-surefire-plugin/xsd/surefire-test-report.xsd" version="3.0.2" name="com.daacooerp.erp.controller.AuthControllerTest" time="12.694" tests="7" errors="0" skipped="0" failures="0">
  <properties>
[...]
</properties>
  <testcase name="testRegisterFailureUsernameExists" classname="com.daacooerp.erp.controller.AuthControllerTest" time="0.344">
    <system-out><![CDATA[21:56:32.074 [main] INFO org.springframework.test.context.support.AnnotationConfigContextLoaderUtils -- Could not detect default configuration classes for test class [com.daacooerp.erp.controller.AuthControllerTest]: AuthControllerTest does not declare any static, non-private, non-final, nested classes annotated with @Configuration.
21:56:32.340 [main] INFO org.springframework.boot.test.context.SpringBootTestContextBootstrapper -- Found @SpringBootConfiguration com.daacooerp.erp.DaacooErpApplication for test class com.daacooerp.erp.controller.AuthControllerTest

  .   ____          _            __ _ _
 /\\ / ___'_ __ _ _(_)_ __  __ _ \ \ \ \
( ( )\___ | '_ | '_| | '_ \/ _` | \ \ \ \
 \\/  ___)| |_)| | | | | || (_| |  ) ) ) )
  '  |____| .__|_| |_|_| |_\__, | / / / /
 =========|_|==============|___/=/_/_/_/

 :: Spring Boot ::                (v3.4.3)

2025-06-16T21:56:33.011+08:00  INFO 23364 --- [           main] c.d.erp.controller.AuthControllerTest    : Starting AuthControllerTest using Java 22.0.1 with PID 23364 (started by yuanz in D:\daacooerp\daacoo-erp)
2025-06-16T21:56:33.012+08:00 DEBUG 23364 --- [           main] c.d.erp.controller.AuthControllerTest    : Running with Spring Boot v3.4.3, Spring v6.2.3
2025-06-16T21:56:33.013+08:00  INFO 23364 --- [           main] c.d.erp.controller.AuthControllerTest    : The following 1 profile is active: "test"
2025-06-16T21:56:33.961+08:00  INFO 23364 --- [           main] .s.d.r.c.RepositoryConfigurationDelegate : Bootstrapping Spring Data JPA repositories in DEFAULT mode.
2025-06-16T21:56:34.038+08:00  INFO 23364 --- [           main] .s.d.r.c.RepositoryConfigurationDelegate : Finished Spring Data repository scanning in 65 ms. Found 7 JPA repository interfaces.
2025-06-16T21:56:34.184+08:00  WARN 23364 --- [           main] o.m.s.mapper.ClassPathMapperScanner      : No MyBatis mapper was found in '[com.daacooerp.erp]' package. Please check your configuration.
2025-06-16T21:56:36.360+08:00  INFO 23364 --- [           main] o.hibernate.jpa.internal.util.LogHelper  : HHH000204: Processing PersistenceUnitInfo [name: default]
2025-06-16T21:56:36.453+08:00  INFO 23364 --- [           main] org.hibernate.Version                    : HHH000412: Hibernate ORM core version 6.6.8.Final
2025-06-16T21:56:36.516+08:00  INFO 23364 --- [           main] o.h.c.internal.RegionFactoryInitiator    : HHH000026: Second-level cache disabled
2025-06-16T21:56:36.776+08:00  INFO 23364 --- [           main] o.s.o.j.p.SpringPersistenceUnitInfo      : No LoadTimeWeaver setup: ignoring JPA class transformer
2025-06-16T21:56:36.834+08:00  INFO 23364 --- [           main] com.zaxxer.hikari.HikariDataSource       : HikariPool-1 - Starting...
2025-06-16T21:56:37.863+08:00  INFO 23364 --- [           main] com.zaxxer.hikari.pool.HikariPool        : HikariPool-1 - Added connection com.mysql.cj.jdbc.ConnectionImpl@5cf3a7f9
2025-06-16T21:56:37.865+08:00  INFO 23364 --- [           main] com.zaxxer.hikari.HikariDataSource       : HikariPool-1 - Start completed.
2025-06-16T21:56:37.967+08:00  WARN 23364 --- [           main] org.hibernate.dialect.Dialect            : HHH000511: The 5.7.44 version for [org.hibernate.dialect.MySQLDialect] is no longer supported, hence certain features may not work properly. The minimum supported version is 8.0.0. Check the community dialects project for available legacy versions.
2025-06-16T21:56:37.994+08:00  INFO 23364 --- [           main] org.hibernate.orm.connections.pooling    : HHH10001005: Database info:
	Database JDBC URL [Connecting through datasource 'HikariDataSource (HikariPool-1)']
	Database driver: undefined/unknown
	Database version: 5.7.44
	Autocommit mode: undefined/unknown
	Isolation level: undefined/unknown
	Minimum pool size: undefined/unknown
	Maximum pool size: undefined/unknown
2025-06-16T21:56:39.377+08:00  INFO 23364 --- [           main] o.h.e.t.j.p.i.JtaPlatformInitiator       : HHH000489: No JTA platform available (set 'hibernate.transaction.jta.platform' to enable JTA platform integration)
Hibernate: alter table staff modify column status VARCHAR(20) DEFAULT '在职'
Hibernate: alter table users modify column role VARCHAR(20) DEFAULT 'user'
2025-06-16T21:56:40.545+08:00  INFO 23364 --- [           main] j.LocalContainerEntityManagerFactoryBean : Initialized JPA EntityManagerFactory for persistence unit 'default'
2025-06-16T21:56:41.033+08:00  INFO 23364 --- [           main] o.s.d.j.r.query.QueryEnhancerFactory     : JSqlParser is in classpath; If applicable, JSqlParser will be used.
2025-06-16T21:56:41.033+08:00  INFO 23364 --- [           main] o.s.d.j.r.query.QueryEnhancerFactory     : Hibernate is in classpath; If applicable, HQL parser will be used.
2025-06-16T21:56:42.869+08:00  WARN 23364 --- [           main] JpaBaseConfiguration$JpaWebConfiguration : spring.jpa.open-in-view is enabled by default. Therefore, database queries may be performed during view rendering. Explicitly configure spring.jpa.open-in-view to disable this warning
2025-06-16T21:56:42.902+08:00  WARN 23364 --- [           main] .s.s.UserDetailsServiceAutoConfiguration : 

Using generated security password: 3a6edead-3dc4-4c63-814d-ada8482b47fb

This generated password is for development use only. Your security configuration must be updated before running your application in production.

2025-06-16T21:56:42.913+08:00  INFO 23364 --- [           main] r$InitializeUserDetailsManagerConfigurer : Global AuthenticationManager configured with UserDetailsService bean with name inMemoryUserDetailsManager
2025-06-16T21:56:43.379+08:00 DEBUG 23364 --- [           main] o.s.s.web.DefaultSecurityFilterChain     : Will secure any request with filters: DisableEncodeUrlFilter, WebAsyncManagerIntegrationFilter, SecurityContextHolderFilter, HeaderWriterFilter, LogoutFilter, RequestCacheAwareFilter, SecurityContextHolderAwareRequestFilter, AnonymousAuthenticationFilter, ExceptionTranslationFilter, AuthorizationFilter
 _ _   |_  _ _|_. ___ _ |    _ 
| | |\/|_)(_| | |_\  |_)||_|_\ 
     /               |         
                        3.5.10.1 
2025-06-16T21:56:44.049+08:00  INFO 23364 --- [           main] c.d.erp.controller.AuthControllerTest    : Started AuthControllerTest in 11.504 seconds (process running for 13.208)
2025-06-16T21:56:44.124+08:00  INFO 23364 --- [           main] o.s.b.t.m.w.SpringBootMockServletContext : Initializing Spring TestDispatcherServlet ''
2025-06-16T21:56:44.125+08:00  INFO 23364 --- [           main] o.s.t.web.servlet.TestDispatcherServlet  : Initializing Servlet ''
2025-06-16T21:56:44.127+08:00  INFO 23364 --- [           main] o.s.t.web.servlet.TestDispatcherServlet  : Completed initialization in 2 ms
]]></system-out>
    <system-err><![CDATA[Mockito is currently self-attaching to enable the inline-mock-maker. This will no longer work in future releases of the JDK. Please add Mockito as an agent to your build what is described in Mockito's documentation: https://javadoc.io/doc/org.mockito/mockito-core/latest/org/mockito/Mockito.html#0.3
WARNING: A Java agent has been loaded dynamically (C:\Users\yuanz\.m2\repository\net\bytebuddy\byte-buddy-agent\1.15.11\byte-buddy-agent-1.15.11.jar)
WARNING: If a serviceability tool is in use, please run with -XX:+EnableDynamicAgentLoading to hide this warning
WARNING: If a serviceability tool is not in use, please run with -Djdk.instrument.traceUsage for more information
WARNING: Dynamic loading of agents will be disallowed by default in a future release
]]></system-err>
  </testcase>
  <testcase name="testLoginSuccess" classname="com.daacooerp.erp.controller.AuthControllerTest" time="0.019">
    <system-out><![CDATA[2025-06-16T21:56:44.433+08:00  INFO 23364 --- [           main] o.s.b.t.m.w.SpringBootMockServletContext : Initializing Spring TestDispatcherServlet ''
2025-06-16T21:56:44.434+08:00  INFO 23364 --- [           main] o.s.t.web.servlet.TestDispatcherServlet  : Initializing Servlet ''
2025-06-16T21:56:44.435+08:00  INFO 23364 --- [           main] o.s.t.web.servlet.TestDispatcherServlet  : Completed initialization in 1 ms
]]></system-out>
  </testcase>
  <testcase name="testLoginFailure" classname="com.daacooerp.erp.controller.AuthControllerTest" time="0.017">
    <system-out><![CDATA[2025-06-16T21:56:44.454+08:00  INFO 23364 --- [           main] o.s.b.t.m.w.SpringBootMockServletContext : Initializing Spring TestDispatcherServlet ''
2025-06-16T21:56:44.454+08:00  INFO 23364 --- [           main] o.s.t.web.servlet.TestDispatcherServlet  : Initializing Servlet ''
2025-06-16T21:56:44.456+08:00  INFO 23364 --- [           main] o.s.t.web.servlet.TestDispatcherServlet  : Completed initialization in 2 ms
]]></system-out>
  </testcase>
  <testcase name="testGetUserInfoSuccess" classname="com.daacooerp.erp.controller.AuthControllerTest" time="0.02">
    <system-out><![CDATA[2025-06-16T21:56:44.473+08:00  INFO 23364 --- [           main] o.s.b.t.m.w.SpringBootMockServletContext : Initializing Spring TestDispatcherServlet ''
2025-06-16T21:56:44.473+08:00  INFO 23364 --- [           main] o.s.t.web.servlet.TestDispatcherServlet  : Initializing Servlet ''
2025-06-16T21:56:44.476+08:00  INFO 23364 --- [           main] o.s.t.web.servlet.TestDispatcherServlet  : Completed initialization in 2 ms
🔒 JWT拦截器处理请求: GET /api/auth/user
🎫 请求头中的Authorization: Bearer valid-token...
🔑 提取的实际token长度: 11
✅ Token验证结果: 有效
👤 从token中解析的用户名: testuser
🔍 数据库中查找用户结果: 找到
👤 用户状态: 活跃
✅ JWT认证成功，允许访问
🔍 获取用户信息请求开始
🎯 从请求属性获取到的用户名: testuser
🎯 从请求属性获取到的用户ID: 1
🔍 数据库查询用户结果: 找到用户
✅ 成功构建用户信息: {roles=[Ljava.lang.String;@71ad307d, name=testuser, tel=13800138000, avatar=https://wpimg.wallstcn.com/f778738c-e4f8-4870-b634-56703b4acafe.gif, email=test@example.com}
]]></system-out>
  </testcase>
  <testcase name="testLoginWithEmptyParameters" classname="com.daacooerp.erp.controller.AuthControllerTest" time="0.012">
    <system-out><![CDATA[2025-06-16T21:56:44.496+08:00  INFO 23364 --- [           main] o.s.b.t.m.w.SpringBootMockServletContext : Initializing Spring TestDispatcherServlet ''
2025-06-16T21:56:44.496+08:00  INFO 23364 --- [           main] o.s.t.web.servlet.TestDispatcherServlet  : Initializing Servlet ''
2025-06-16T21:56:44.499+08:00  INFO 23364 --- [           main] o.s.t.web.servlet.TestDispatcherServlet  : Completed initialization in 3 ms
]]></system-out>
  </testcase>
  <testcase name="testRegisterFailureEmptyFields" classname="com.daacooerp.erp.controller.AuthControllerTest" time="0.011">
    <system-out><![CDATA[2025-06-16T21:56:44.511+08:00  INFO 23364 --- [           main] o.s.b.t.m.w.SpringBootMockServletContext : Initializing Spring TestDispatcherServlet ''
2025-06-16T21:56:44.512+08:00  INFO 23364 --- [           main] o.s.t.web.servlet.TestDispatcherServlet  : Initializing Servlet ''
2025-06-16T21:56:44.513+08:00  INFO 23364 --- [           main] o.s.t.web.servlet.TestDispatcherServlet  : Completed initialization in 1 ms
]]></system-out>
  </testcase>
  <testcase name="testRegisterSuccess" classname="com.daacooerp.erp.controller.AuthControllerTest" time="0.015">
    <system-out><![CDATA[2025-06-16T21:56:44.525+08:00  INFO 23364 --- [           main] o.s.b.t.m.w.SpringBootMockServletContext : Initializing Spring TestDispatcherServlet ''
2025-06-16T21:56:44.525+08:00  INFO 23364 --- [           main] o.s.t.web.servlet.TestDispatcherServlet  : Initializing Servlet ''
2025-06-16T21:56:44.527+08:00  INFO 23364 --- [           main] o.s.t.web.servlet.TestDispatcherServlet  : Completed initialization in 1 ms
]]></system-out>
  </testcase>
</testsuite>