<?xml version="1.0" encoding="UTF-8"?>
<testsuite xmlns:xsi="http://www.w3.org/2001/XMLSchema-instance" xsi:noNamespaceSchemaLocation="https://maven.apache.org/surefire/maven-surefire-plugin/xsd/surefire-test-report.xsd" version="3.0.2" name="com.daacooerp.erp.controller.InventoryControllerTest" time="3.641" tests="12" errors="0" skipped="0" failures="0">
  <properties>
[...]
</properties>
  <testcase name="testStockOut" classname="com.daacooerp.erp.controller.InventoryControllerTest" time="0.052">
    <system-out><![CDATA[2025-06-16T21:56:44.550+08:00  INFO 23364 --- [           main] t.c.s.AnnotationConfigContextLoaderUtils : Could not detect default configuration classes for test class [com.daacooerp.erp.controller.InventoryControllerTest]: InventoryControllerTest does not declare any static, non-private, non-final, nested classes annotated with @Configuration.
2025-06-16T21:56:44.560+08:00  INFO 23364 --- [           main] .b.t.c.SpringBootTestContextBootstrapper : Found @SpringBootConfiguration com.daacooerp.erp.DaacooErpApplication for test class com.daacooerp.erp.controller.InventoryControllerTest

  .   ____          _            __ _ _
 /\\ / ___'_ __ _ _(_)_ __  __ _ \ \ \ \
( ( )\___ | '_ | '_| | '_ \/ _` | \ \ \ \
 \\/  ___)| |_)| | | | | || (_| |  ) ) ) )
  '  |____| .__|_| |_|_| |_\__, | / / / /
 =========|_|==============|___/=/_/_/_/

 :: Spring Boot ::                (v3.4.3)

2025-06-16T21:56:44.653+08:00  INFO 23364 --- [           main] c.d.e.c.InventoryControllerTest          : Starting InventoryControllerTest using Java 22.0.1 with PID 23364 (started by yuanz in D:\daacooerp\daacoo-erp)
2025-06-16T21:56:44.654+08:00 DEBUG 23364 --- [           main] c.d.e.c.InventoryControllerTest          : Running with Spring Boot v3.4.3, Spring v6.2.3
2025-06-16T21:56:44.654+08:00  INFO 23364 --- [           main] c.d.e.c.InventoryControllerTest          : The following 1 profile is active: "test"
2025-06-16T21:56:45.082+08:00  INFO 23364 --- [           main] .s.d.r.c.RepositoryConfigurationDelegate : Bootstrapping Spring Data JPA repositories in DEFAULT mode.
2025-06-16T21:56:45.121+08:00  INFO 23364 --- [           main] .s.d.r.c.RepositoryConfigurationDelegate : Finished Spring Data repository scanning in 36 ms. Found 7 JPA repository interfaces.
2025-06-16T21:56:45.192+08:00  WARN 23364 --- [           main] o.m.s.mapper.ClassPathMapperScanner      : No MyBatis mapper was found in '[com.daacooerp.erp]' package. Please check your configuration.
2025-06-16T21:56:45.422+08:00  INFO 23364 --- [           main] o.hibernate.jpa.internal.util.LogHelper  : HHH000204: Processing PersistenceUnitInfo [name: default]
2025-06-16T21:56:45.425+08:00  INFO 23364 --- [           main] o.h.c.internal.RegionFactoryInitiator    : HHH000026: Second-level cache disabled
2025-06-16T21:56:45.441+08:00  INFO 23364 --- [           main] o.s.o.j.p.SpringPersistenceUnitInfo      : No LoadTimeWeaver setup: ignoring JPA class transformer
2025-06-16T21:56:45.443+08:00  INFO 23364 --- [           main] com.zaxxer.hikari.HikariDataSource       : HikariPool-2 - Starting...
2025-06-16T21:56:45.948+08:00  INFO 23364 --- [           main] com.zaxxer.hikari.pool.HikariPool        : HikariPool-2 - Added connection com.mysql.cj.jdbc.ConnectionImpl@32e9818b
2025-06-16T21:56:45.949+08:00  INFO 23364 --- [           main] com.zaxxer.hikari.HikariDataSource       : HikariPool-2 - Start completed.
2025-06-16T21:56:45.989+08:00  WARN 23364 --- [           main] org.hibernate.dialect.Dialect            : HHH000511: The 5.7.44 version for [org.hibernate.dialect.MySQLDialect] is no longer supported, hence certain features may not work properly. The minimum supported version is 8.0.0. Check the community dialects project for available legacy versions.
2025-06-16T21:56:45.990+08:00  INFO 23364 --- [           main] org.hibernate.orm.connections.pooling    : HHH10001005: Database info:
	Database JDBC URL [Connecting through datasource 'HikariDataSource (HikariPool-2)']
	Database driver: undefined/unknown
	Database version: 5.7.44
	Autocommit mode: undefined/unknown
	Isolation level: undefined/unknown
	Minimum pool size: undefined/unknown
	Maximum pool size: undefined/unknown
2025-06-16T21:56:46.229+08:00  INFO 23364 --- [           main] o.h.e.t.j.p.i.JtaPlatformInitiator       : HHH000489: No JTA platform available (set 'hibernate.transaction.jta.platform' to enable JTA platform integration)
Hibernate: alter table staff modify column status VARCHAR(20) DEFAULT '在职'
Hibernate: alter table users modify column role VARCHAR(20) DEFAULT 'user'
2025-06-16T21:56:47.525+08:00  INFO 23364 --- [           main] j.LocalContainerEntityManagerFactoryBean : Initialized JPA EntityManagerFactory for persistence unit 'default'
2025-06-16T21:56:47.666+08:00  WARN 23364 --- [           main] JpaBaseConfiguration$JpaWebConfiguration : spring.jpa.open-in-view is enabled by default. Therefore, database queries may be performed during view rendering. Explicitly configure spring.jpa.open-in-view to disable this warning
2025-06-16T21:56:47.675+08:00  WARN 23364 --- [           main] .s.s.UserDetailsServiceAutoConfiguration : 

Using generated security password: b8ed4ad9-b139-42ac-8cdf-b310ba0127fb

This generated password is for development use only. Your security configuration must be updated before running your application in production.

2025-06-16T21:56:47.677+08:00  INFO 23364 --- [           main] r$InitializeUserDetailsManagerConfigurer : Global AuthenticationManager configured with UserDetailsService bean with name inMemoryUserDetailsManager
2025-06-16T21:56:47.760+08:00 DEBUG 23364 --- [           main] o.s.s.web.DefaultSecurityFilterChain     : Will secure any request with filters: DisableEncodeUrlFilter, WebAsyncManagerIntegrationFilter, SecurityContextHolderFilter, HeaderWriterFilter, LogoutFilter, RequestCacheAwareFilter, SecurityContextHolderAwareRequestFilter, AnonymousAuthenticationFilter, ExceptionTranslationFilter, AuthorizationFilter
 _ _   |_  _ _|_. ___ _ |    _ 
| | |\/|_)(_| | |_\  |_)||_|_\ 
     /               |         
                        3.5.10.1 
2025-06-16T21:56:47.938+08:00  INFO 23364 --- [           main] c.d.e.c.InventoryControllerTest          : Started InventoryControllerTest in 3.369 seconds (process running for 17.096)
2025-06-16T21:56:47.952+08:00  INFO 23364 --- [           main] o.s.b.t.m.w.SpringBootMockServletContext : Initializing Spring TestDispatcherServlet ''
2025-06-16T21:56:47.952+08:00  INFO 23364 --- [           main] o.s.t.web.servlet.TestDispatcherServlet  : Initializing Servlet ''
2025-06-16T21:56:47.954+08:00  INFO 23364 --- [           main] o.s.t.web.servlet.TestDispatcherServlet  : Completed initialization in 2 ms
🔒 JWT拦截器处理请求: POST /api/inventory/stock-out
🎫 请求头中的Authorization: Bearer valid-token...
🔑 提取的实际token长度: 11
✅ Token验证结果: 有效
👤 从token中解析的用户名: testuser
🔍 数据库中查找用户结果: 找到
👤 用户状态: 活跃
✅ JWT认证成功，允许访问
2025-06-16T21:56:47.991+08:00  INFO 23364 --- [           main] c.d.erp.controller.InventoryController   : 接收到库存出库请求: id=1, quantity=30
2025-06-16T21:56:47.992+08:00  INFO 23364 --- [           main] c.d.erp.controller.InventoryController   : 库存出库成功: id=1, 新数量=70
]]></system-out>
  </testcase>
  <testcase name="testDeleteInventory" classname="com.daacooerp.erp.controller.InventoryControllerTest" time="0.013">
    <system-out><![CDATA[2025-06-16T21:56:48.001+08:00  INFO 23364 --- [           main] o.s.b.t.m.w.SpringBootMockServletContext : Initializing Spring TestDispatcherServlet ''
2025-06-16T21:56:48.002+08:00  INFO 23364 --- [           main] o.s.t.web.servlet.TestDispatcherServlet  : Initializing Servlet ''
2025-06-16T21:56:48.002+08:00  INFO 23364 --- [           main] o.s.t.web.servlet.TestDispatcherServlet  : Completed initialization in 0 ms
🔒 JWT拦截器处理请求: DELETE /api/inventory/1
🎫 请求头中的Authorization: Bearer valid-token...
🔑 提取的实际token长度: 11
✅ Token验证结果: 有效
👤 从token中解析的用户名: testuser
🔍 数据库中查找用户结果: 找到
👤 用户状态: 活跃
✅ JWT认证成功，允许访问
2025-06-16T21:56:48.008+08:00  INFO 23364 --- [           main] c.d.erp.controller.InventoryController   : 接收到删除库存请求: id=1
2025-06-16T21:56:48.008+08:00  INFO 23364 --- [           main] c.d.erp.controller.InventoryController   : 库存删除成功: id=1
]]></system-out>
  </testcase>
  <testcase name="testGetInventoryByProductNameNotFound" classname="com.daacooerp.erp.controller.InventoryControllerTest" time="0.02">
    <system-out><![CDATA[2025-06-16T21:56:48.019+08:00  INFO 23364 --- [           main] o.s.b.t.m.w.SpringBootMockServletContext : Initializing Spring TestDispatcherServlet ''
2025-06-16T21:56:48.019+08:00  INFO 23364 --- [           main] o.s.t.web.servlet.TestDispatcherServlet  : Initializing Servlet ''
2025-06-16T21:56:48.019+08:00  INFO 23364 --- [           main] o.s.t.web.servlet.TestDispatcherServlet  : Completed initialization in 0 ms
🔒 JWT拦截器处理请求: GET /api/inventory/by-name/%E4%B8%8D%E5%AD%98%E5%9C%A8%E7%9A%84%E5%95%86%E5%93%81
🎫 请求头中的Authorization: Bearer valid-token...
🔑 提取的实际token长度: 11
✅ Token验证结果: 有效
👤 从token中解析的用户名: testuser
🔍 数据库中查找用户结果: 找到
👤 用户状态: 活跃
✅ JWT认证成功，允许访问
2025-06-16T21:56:48.029+08:00  INFO 23364 --- [           main] c.d.erp.controller.InventoryController   : 根据商品名称获取库存详情: 不存在的商品
2025-06-16T21:56:48.030+08:00  INFO 23364 --- [           main] c.d.erp.controller.InventoryController   : 未找到商品库存记录: 不存在的商品
]]></system-out>
  </testcase>
  <testcase name="testGetAllProductNames" classname="com.daacooerp.erp.controller.InventoryControllerTest" time="0.018">
    <system-out><![CDATA[2025-06-16T21:56:48.040+08:00  INFO 23364 --- [           main] o.s.b.t.m.w.SpringBootMockServletContext : Initializing Spring TestDispatcherServlet ''
2025-06-16T21:56:48.040+08:00  INFO 23364 --- [           main] o.s.t.web.servlet.TestDispatcherServlet  : Initializing Servlet ''
2025-06-16T21:56:48.043+08:00  INFO 23364 --- [           main] o.s.t.web.servlet.TestDispatcherServlet  : Completed initialization in 3 ms
🔒 JWT拦截器处理请求: GET /api/inventory/product-names
🎫 请求头中的Authorization: Bearer valid-token...
🔑 提取的实际token长度: 11
✅ Token验证结果: 有效
👤 从token中解析的用户名: testuser
🔍 数据库中查找用户结果: 找到
👤 用户状态: 活跃
✅ JWT认证成功，允许访问
2025-06-16T21:56:48.046+08:00  INFO 23364 --- [           main] c.d.erp.controller.InventoryController   : 获取所有商品名称列表
2025-06-16T21:56:48.047+08:00  INFO 23364 --- [           main] c.d.erp.controller.InventoryController   : 获取商品名称列表成功，数量: 3
]]></system-out>
  </testcase>
  <testcase name="testUpdateInventory" classname="com.daacooerp.erp.controller.InventoryControllerTest" time="0.013">
    <system-out><![CDATA[2025-06-16T21:56:48.061+08:00  INFO 23364 --- [           main] o.s.b.t.m.w.SpringBootMockServletContext : Initializing Spring TestDispatcherServlet ''
2025-06-16T21:56:48.061+08:00  INFO 23364 --- [           main] o.s.t.web.servlet.TestDispatcherServlet  : Initializing Servlet ''
2025-06-16T21:56:48.062+08:00  INFO 23364 --- [           main] o.s.t.web.servlet.TestDispatcherServlet  : Completed initialization in 1 ms
🔒 JWT拦截器处理请求: PUT /api/inventory/1
🎫 请求头中的Authorization: Bearer valid-token...
🔑 提取的实际token长度: 11
✅ Token验证结果: 有效
👤 从token中解析的用户名: testuser
🔍 数据库中查找用户结果: 找到
👤 用户状态: 活跃
✅ JWT认证成功，允许访问
2025-06-16T21:56:48.067+08:00  INFO 23364 --- [           main] c.d.erp.controller.InventoryController   : 接收到更新库存请求: id=1
2025-06-16T21:56:48.067+08:00  INFO 23364 --- [           main] c.d.erp.controller.InventoryController   : 库存更新成功: id=1
]]></system-out>
  </testcase>
  <testcase name="testGetInventoryListWithDefaultParams" classname="com.daacooerp.erp.controller.InventoryControllerTest" time="0.027">
    <system-out><![CDATA[2025-06-16T21:56:48.075+08:00  INFO 23364 --- [           main] o.s.b.t.m.w.SpringBootMockServletContext : Initializing Spring TestDispatcherServlet ''
2025-06-16T21:56:48.076+08:00  INFO 23364 --- [           main] o.s.t.web.servlet.TestDispatcherServlet  : Initializing Servlet ''
2025-06-16T21:56:48.077+08:00  INFO 23364 --- [           main] o.s.t.web.servlet.TestDispatcherServlet  : Completed initialization in 1 ms
🔒 JWT拦截器处理请求: GET /api/inventory/list
🎫 请求头中的Authorization: Bearer valid-token...
🔑 提取的实际token长度: 11
✅ Token验证结果: 有效
👤 从token中解析的用户名: testuser
🔍 数据库中查找用户结果: 找到
👤 用户状态: 活跃
✅ JWT认证成功，允许访问
2025-06-16T21:56:48.084+08:00  INFO 23364 --- [           main] c.d.erp.controller.InventoryController   : 接收到获取库存列表请求: page=0, size=10
2025-06-16T21:56:48.084+08:00  INFO 23364 --- [           main] c.d.erp.controller.InventoryController   : 成功返回库存列表，数量: 2
2025-06-16T21:56:48.088+08:00  WARN 23364 --- [           main] ration$PageModule$WarningLoggingModifier : Serializing PageImpl instances as-is is not supported, meaning that there is no guarantee about the stability of the resulting JSON structure!
	For a stable JSON structure, please use Spring Data's PagedModel (globally via @EnableSpringDataWebSupport(pageSerializationMode = VIA_DTO))
	or Spring HATEOAS and Spring Data's PagedResourcesAssembler as documented in https://docs.spring.io/spring-data/commons/reference/repositories/core-extensions.html#core.web.pageables.

]]></system-out>
  </testcase>
  <testcase name="testHandleServiceException" classname="com.daacooerp.erp.controller.InventoryControllerTest" time="0.021">
    <system-out><![CDATA[2025-06-16T21:56:48.103+08:00  INFO 23364 --- [           main] o.s.b.t.m.w.SpringBootMockServletContext : Initializing Spring TestDispatcherServlet ''
2025-06-16T21:56:48.103+08:00  INFO 23364 --- [           main] o.s.t.web.servlet.TestDispatcherServlet  : Initializing Servlet ''
2025-06-16T21:56:48.104+08:00  INFO 23364 --- [           main] o.s.t.web.servlet.TestDispatcherServlet  : Completed initialization in 1 ms
🔒 JWT拦截器处理请求: GET /api/inventory/list
🎫 请求头中的Authorization: Bearer valid-token...
🔑 提取的实际token长度: 11
✅ Token验证结果: 有效
👤 从token中解析的用户名: testuser
🔍 数据库中查找用户结果: 找到
👤 用户状态: 活跃
✅ JWT认证成功，允许访问
2025-06-16T21:56:48.109+08:00  INFO 23364 --- [           main] c.d.erp.controller.InventoryController   : 接收到获取库存列表请求: page=0, size=10
2025-06-16T21:56:48.109+08:00 ERROR 23364 --- [           main] c.d.erp.controller.InventoryController   : 获取库存列表失败(RuntimeException): 数据库连接失败

java.lang.RuntimeException: 数据库连接失败
	at com.daacooerp.erp.controller.InventoryController.getInventoryList(InventoryController.java:37) ~[classes/:na]
	at java.base/jdk.internal.reflect.DirectMethodHandleAccessor.invoke(DirectMethodHandleAccessor.java:103) ~[na:na]
	at java.base/java.lang.reflect.Method.invoke(Method.java:580) ~[na:na]
	at org.springframework.web.method.support.InvocableHandlerMethod.doInvoke(InvocableHandlerMethod.java:257) ~[spring-web-6.2.3.jar:6.2.3]
	at org.springframework.web.method.support.InvocableHandlerMethod.invokeForRequest(InvocableHandlerMethod.java:190) ~[spring-web-6.2.3.jar:6.2.3]
	at org.springframework.web.servlet.mvc.method.annotation.ServletInvocableHandlerMethod.invokeAndHandle(ServletInvocableHandlerMethod.java:118) ~[spring-webmvc-6.2.3.jar:6.2.3]
	at org.springframework.web.servlet.mvc.method.annotation.RequestMappingHandlerAdapter.invokeHandlerMethod(RequestMappingHandlerAdapter.java:986) ~[spring-webmvc-6.2.3.jar:6.2.3]
	at org.springframework.web.servlet.mvc.method.annotation.RequestMappingHandlerAdapter.handleInternal(RequestMappingHandlerAdapter.java:891) ~[spring-webmvc-6.2.3.jar:6.2.3]
	at org.springframework.web.servlet.mvc.method.AbstractHandlerMethodAdapter.handle(AbstractHandlerMethodAdapter.java:87) ~[spring-webmvc-6.2.3.jar:6.2.3]
	at org.springframework.web.servlet.DispatcherServlet.doDispatch(DispatcherServlet.java:1088) ~[spring-webmvc-6.2.3.jar:6.2.3]
	at org.springframework.web.servlet.DispatcherServlet.doService(DispatcherServlet.java:978) ~[spring-webmvc-6.2.3.jar:6.2.3]
	at org.springframework.web.servlet.FrameworkServlet.processRequest(FrameworkServlet.java:1014) ~[spring-webmvc-6.2.3.jar:6.2.3]
	at org.springframework.web.servlet.FrameworkServlet.doGet(FrameworkServlet.java:903) ~[spring-webmvc-6.2.3.jar:6.2.3]
	at jakarta.servlet.http.HttpServlet.service(HttpServlet.java:564) ~[tomcat-embed-core-10.1.36.jar:6.0]
	at org.springframework.web.servlet.FrameworkServlet.service(FrameworkServlet.java:885) ~[spring-webmvc-6.2.3.jar:6.2.3]
	at org.springframework.test.web.servlet.TestDispatcherServlet.service(TestDispatcherServlet.java:72) ~[spring-test-6.2.3.jar:6.2.3]
	at jakarta.servlet.http.HttpServlet.service(HttpServlet.java:658) ~[tomcat-embed-core-10.1.36.jar:6.0]
	at org.springframework.mock.web.MockFilterChain$ServletFilterProxy.doFilter(MockFilterChain.java:165) ~[spring-test-6.2.3.jar:6.2.3]
	at org.springframework.mock.web.MockFilterChain.doFilter(MockFilterChain.java:132) ~[spring-test-6.2.3.jar:6.2.3]
	at org.springframework.test.web.servlet.MockMvc.perform(MockMvc.java:201) ~[spring-test-6.2.3.jar:6.2.3]
	at com.daacooerp.erp.controller.InventoryControllerTest.testHandleServiceException(InventoryControllerTest.java:432) ~[test-classes/:na]
	at java.base/jdk.internal.reflect.DirectMethodHandleAccessor.invoke(DirectMethodHandleAccessor.java:103) ~[na:na]
	at java.base/java.lang.reflect.Method.invoke(Method.java:580) ~[na:na]
	at org.junit.platform.commons.util.ReflectionUtils.invokeMethod(ReflectionUtils.java:767) ~[junit-platform-commons-1.11.4.jar:1.11.4]
	at org.junit.jupiter.engine.execution.MethodInvocation.proceed(MethodInvocation.java:60) ~[junit-jupiter-engine-5.11.4.jar:5.11.4]
	at org.junit.jupiter.engine.execution.InvocationInterceptorChain$ValidatingInvocation.proceed(InvocationInterceptorChain.java:131) ~[junit-jupiter-engine-5.11.4.jar:5.11.4]
	at org.junit.jupiter.engine.extension.TimeoutExtension.intercept(TimeoutExtension.java:156) ~[junit-jupiter-engine-5.11.4.jar:5.11.4]
	at org.junit.jupiter.engine.extension.TimeoutExtension.interceptTestableMethod(TimeoutExtension.java:147) ~[junit-jupiter-engine-5.11.4.jar:5.11.4]
	at org.junit.jupiter.engine.extension.TimeoutExtension.interceptTestMethod(TimeoutExtension.java:86) ~[junit-jupiter-engine-5.11.4.jar:5.11.4]
	at org.junit.jupiter.engine.execution.InterceptingExecutableInvoker$ReflectiveInterceptorCall.lambda$ofVoidMethod$0(InterceptingExecutableInvoker.java:103) ~[junit-jupiter-engine-5.11.4.jar:5.11.4]
	at org.junit.jupiter.engine.execution.InterceptingExecutableInvoker.lambda$invoke$0(InterceptingExecutableInvoker.java:93) ~[junit-jupiter-engine-5.11.4.jar:5.11.4]
	at org.junit.jupiter.engine.execution.InvocationInterceptorChain$InterceptedInvocation.proceed(InvocationInterceptorChain.java:106) ~[junit-jupiter-engine-5.11.4.jar:5.11.4]
	at org.junit.jupiter.engine.execution.InvocationInterceptorChain.proceed(InvocationInterceptorChain.java:64) ~[junit-jupiter-engine-5.11.4.jar:5.11.4]
	at org.junit.jupiter.engine.execution.InvocationInterceptorChain.chainAndInvoke(InvocationInterceptorChain.java:45) ~[junit-jupiter-engine-5.11.4.jar:5.11.4]
	at org.junit.jupiter.engine.execution.InvocationInterceptorChain.invoke(InvocationInterceptorChain.java:37) ~[junit-jupiter-engine-5.11.4.jar:5.11.4]
	at org.junit.jupiter.engine.execution.InterceptingExecutableInvoker.invoke(InterceptingExecutableInvoker.java:92) ~[junit-jupiter-engine-5.11.4.jar:5.11.4]
	at org.junit.jupiter.engine.execution.InterceptingExecutableInvoker.invoke(InterceptingExecutableInvoker.java:86) ~[junit-jupiter-engine-5.11.4.jar:5.11.4]
	at org.junit.jupiter.engine.descriptor.TestMethodTestDescriptor.lambda$invokeTestMethod$8(TestMethodTestDescriptor.java:217) ~[junit-jupiter-engine-5.11.4.jar:5.11.4]
	at org.junit.platform.engine.support.hierarchical.ThrowableCollector.execute(ThrowableCollector.java:73) ~[junit-platform-engine-1.11.4.jar:1.11.4]
	at org.junit.jupiter.engine.descriptor.TestMethodTestDescriptor.invokeTestMethod(TestMethodTestDescriptor.java:213) ~[junit-jupiter-engine-5.11.4.jar:5.11.4]
	at org.junit.jupiter.engine.descriptor.TestMethodTestDescriptor.execute(TestMethodTestDescriptor.java:138) ~[junit-jupiter-engine-5.11.4.jar:5.11.4]
	at org.junit.jupiter.engine.descriptor.TestMethodTestDescriptor.execute(TestMethodTestDescriptor.java:68) ~[junit-jupiter-engine-5.11.4.jar:5.11.4]
	at org.junit.platform.engine.support.hierarchical.NodeTestTask.lambda$executeRecursively$6(NodeTestTask.java:156) ~[junit-platform-engine-1.11.4.jar:1.11.4]
	at org.junit.platform.engine.support.hierarchical.ThrowableCollector.execute(ThrowableCollector.java:73) ~[junit-platform-engine-1.11.4.jar:1.11.4]
	at org.junit.platform.engine.support.hierarchical.NodeTestTask.lambda$executeRecursively$8(NodeTestTask.java:146) ~[junit-platform-engine-1.11.4.jar:1.11.4]
	at org.junit.platform.engine.support.hierarchical.Node.around(Node.java:137) ~[junit-platform-engine-1.11.4.jar:1.11.4]
	at org.junit.platform.engine.support.hierarchical.NodeTestTask.lambda$executeRecursively$9(NodeTestTask.java:144) ~[junit-platform-engine-1.11.4.jar:1.11.4]
	at org.junit.platform.engine.support.hierarchical.ThrowableCollector.execute(ThrowableCollector.java:73) ~[junit-platform-engine-1.11.4.jar:1.11.4]
	at org.junit.platform.engine.support.hierarchical.NodeTestTask.executeRecursively(NodeTestTask.java:143) ~[junit-platform-engine-1.11.4.jar:1.11.4]
	at org.junit.platform.engine.support.hierarchical.NodeTestTask.execute(NodeTestTask.java:100) ~[junit-platform-engine-1.11.4.jar:1.11.4]
	at java.base/java.util.ArrayList.forEach(ArrayList.java:1597) ~[na:na]
	at org.junit.platform.engine.support.hierarchical.SameThreadHierarchicalTestExecutorService.invokeAll(SameThreadHierarchicalTestExecutorService.java:41) ~[junit-platform-engine-1.11.4.jar:1.11.4]
	at org.junit.platform.engine.support.hierarchical.NodeTestTask.lambda$executeRecursively$6(NodeTestTask.java:160) ~[junit-platform-engine-1.11.4.jar:1.11.4]
	at org.junit.platform.engine.support.hierarchical.ThrowableCollector.execute(ThrowableCollector.java:73) ~[junit-platform-engine-1.11.4.jar:1.11.4]
	at org.junit.platform.engine.support.hierarchical.NodeTestTask.lambda$executeRecursively$8(NodeTestTask.java:146) ~[junit-platform-engine-1.11.4.jar:1.11.4]
	at org.junit.platform.engine.support.hierarchical.Node.around(Node.java:137) ~[junit-platform-engine-1.11.4.jar:1.11.4]
	at org.junit.platform.engine.support.hierarchical.NodeTestTask.lambda$executeRecursively$9(NodeTestTask.java:144) ~[junit-platform-engine-1.11.4.jar:1.11.4]
	at org.junit.platform.engine.support.hierarchical.ThrowableCollector.execute(ThrowableCollector.java:73) ~[junit-platform-engine-1.11.4.jar:1.11.4]
	at org.junit.platform.engine.support.hierarchical.NodeTestTask.executeRecursively(NodeTestTask.java:143) ~[junit-platform-engine-1.11.4.jar:1.11.4]
	at org.junit.platform.engine.support.hierarchical.NodeTestTask.execute(NodeTestTask.java:100) ~[junit-platform-engine-1.11.4.jar:1.11.4]
	at java.base/java.util.ArrayList.forEach(ArrayList.java:1597) ~[na:na]
	at org.junit.platform.engine.support.hierarchical.SameThreadHierarchicalTestExecutorService.invokeAll(SameThreadHierarchicalTestExecutorService.java:41) ~[junit-platform-engine-1.11.4.jar:1.11.4]
	at org.junit.platform.engine.support.hierarchical.NodeTestTask.lambda$executeRecursively$6(NodeTestTask.java:160) ~[junit-platform-engine-1.11.4.jar:1.11.4]
	at org.junit.platform.engine.support.hierarchical.ThrowableCollector.execute(ThrowableCollector.java:73) ~[junit-platform-engine-1.11.4.jar:1.11.4]
	at org.junit.platform.engine.support.hierarchical.NodeTestTask.lambda$executeRecursively$8(NodeTestTask.java:146) ~[junit-platform-engine-1.11.4.jar:1.11.4]
	at org.junit.platform.engine.support.hierarchical.Node.around(Node.java:137) ~[junit-platform-engine-1.11.4.jar:1.11.4]
	at org.junit.platform.engine.support.hierarchical.NodeTestTask.lambda$executeRecursively$9(NodeTestTask.java:144) ~[junit-platform-engine-1.11.4.jar:1.11.4]
	at org.junit.platform.engine.support.hierarchical.ThrowableCollector.execute(ThrowableCollector.java:73) ~[junit-platform-engine-1.11.4.jar:1.11.4]
	at org.junit.platform.engine.support.hierarchical.NodeTestTask.executeRecursively(NodeTestTask.java:143) ~[junit-platform-engine-1.11.4.jar:1.11.4]
	at org.junit.platform.engine.support.hierarchical.NodeTestTask.execute(NodeTestTask.java:100) ~[junit-platform-engine-1.11.4.jar:1.11.4]
	at org.junit.platform.engine.support.hierarchical.SameThreadHierarchicalTestExecutorService.submit(SameThreadHierarchicalTestExecutorService.java:35) ~[junit-platform-engine-1.11.4.jar:1.11.4]
	at org.junit.platform.engine.support.hierarchical.HierarchicalTestExecutor.execute(HierarchicalTestExecutor.java:57) ~[junit-platform-engine-1.11.4.jar:1.11.4]
	at org.junit.platform.engine.support.hierarchical.HierarchicalTestEngine.execute(HierarchicalTestEngine.java:54) ~[junit-platform-engine-1.11.4.jar:1.11.4]
	at org.junit.platform.launcher.core.EngineExecutionOrchestrator.execute(EngineExecutionOrchestrator.java:198) ~[junit-platform-launcher-1.11.4.jar:1.11.4]
	at org.junit.platform.launcher.core.EngineExecutionOrchestrator.execute(EngineExecutionOrchestrator.java:169) ~[junit-platform-launcher-1.11.4.jar:1.11.4]
	at org.junit.platform.launcher.core.EngineExecutionOrchestrator.execute(EngineExecutionOrchestrator.java:93) ~[junit-platform-launcher-1.11.4.jar:1.11.4]
	at org.junit.platform.launcher.core.EngineExecutionOrchestrator.lambda$execute$0(EngineExecutionOrchestrator.java:58) ~[junit-platform-launcher-1.11.4.jar:1.11.4]
	at org.junit.platform.launcher.core.EngineExecutionOrchestrator.withInterceptedStreams(EngineExecutionOrchestrator.java:141) ~[junit-platform-launcher-1.11.4.jar:1.11.4]
	at org.junit.platform.launcher.core.EngineExecutionOrchestrator.execute(EngineExecutionOrchestrator.java:57) ~[junit-platform-launcher-1.11.4.jar:1.11.4]
	at org.junit.platform.launcher.core.DefaultLauncher.execute(DefaultLauncher.java:103) ~[junit-platform-launcher-1.11.4.jar:1.11.4]
	at org.junit.platform.launcher.core.DefaultLauncher.execute(DefaultLauncher.java:85) ~[junit-platform-launcher-1.11.4.jar:1.11.4]
	at org.junit.platform.launcher.core.DelegatingLauncher.execute(DelegatingLauncher.java:47) ~[junit-platform-launcher-1.11.4.jar:1.11.4]
	at org.apache.maven.surefire.junitplatform.LazyLauncher.execute(LazyLauncher.java:56) ~[surefire-junit-platform-3.5.2.jar:3.5.2]
	at org.apache.maven.surefire.junitplatform.JUnitPlatformProvider.execute(JUnitPlatformProvider.java:184) ~[surefire-junit-platform-3.5.2.jar:3.5.2]
	at org.apache.maven.surefire.junitplatform.JUnitPlatformProvider.invokeAllTests(JUnitPlatformProvider.java:148) ~[surefire-junit-platform-3.5.2.jar:3.5.2]
	at org.apache.maven.surefire.junitplatform.JUnitPlatformProvider.invoke(JUnitPlatformProvider.java:122) ~[surefire-junit-platform-3.5.2.jar:3.5.2]
	at org.apache.maven.surefire.booter.ForkedBooter.runSuitesInProcess(ForkedBooter.java:385) ~[surefire-booter-3.5.2.jar:3.5.2]
	at org.apache.maven.surefire.booter.ForkedBooter.execute(ForkedBooter.java:162) ~[surefire-booter-3.5.2.jar:3.5.2]
	at org.apache.maven.surefire.booter.ForkedBooter.run(ForkedBooter.java:507) ~[surefire-booter-3.5.2.jar:3.5.2]
	at org.apache.maven.surefire.booter.ForkedBooter.main(ForkedBooter.java:495) ~[surefire-booter-3.5.2.jar:3.5.2]

]]></system-out>
  </testcase>
  <testcase name="testGetInventoryById" classname="com.daacooerp.erp.controller.InventoryControllerTest" time="0.012">
    <system-out><![CDATA[2025-06-16T21:56:48.126+08:00  INFO 23364 --- [           main] o.s.b.t.m.w.SpringBootMockServletContext : Initializing Spring TestDispatcherServlet ''
2025-06-16T21:56:48.126+08:00  INFO 23364 --- [           main] o.s.t.web.servlet.TestDispatcherServlet  : Initializing Servlet ''
2025-06-16T21:56:48.127+08:00  INFO 23364 --- [           main] o.s.t.web.servlet.TestDispatcherServlet  : Completed initialization in 1 ms
🔒 JWT拦截器处理请求: GET /api/inventory/1
🎫 请求头中的Authorization: Bearer valid-token...
🔑 提取的实际token长度: 11
✅ Token验证结果: 有效
👤 从token中解析的用户名: testuser
🔍 数据库中查找用户结果: 找到
👤 用户状态: 活跃
✅ JWT认证成功，允许访问
2025-06-16T21:56:48.131+08:00  INFO 23364 --- [           main] c.d.erp.controller.InventoryController   : 接收到获取库存详情请求: id=1
]]></system-out>
  </testcase>
  <testcase name="testGetInventoryList" classname="com.daacooerp.erp.controller.InventoryControllerTest" time="0.013">
    <system-out><![CDATA[2025-06-16T21:56:48.138+08:00  INFO 23364 --- [           main] o.s.b.t.m.w.SpringBootMockServletContext : Initializing Spring TestDispatcherServlet ''
2025-06-16T21:56:48.139+08:00  INFO 23364 --- [           main] o.s.t.web.servlet.TestDispatcherServlet  : Initializing Servlet ''
2025-06-16T21:56:48.139+08:00  INFO 23364 --- [           main] o.s.t.web.servlet.TestDispatcherServlet  : Completed initialization in 0 ms
🔒 JWT拦截器处理请求: GET /api/inventory/list
🎫 请求头中的Authorization: Bearer valid-token...
🔑 提取的实际token长度: 11
✅ Token验证结果: 有效
👤 从token中解析的用户名: testuser
🔍 数据库中查找用户结果: 找到
👤 用户状态: 活跃
✅ JWT认证成功，允许访问
2025-06-16T21:56:48.143+08:00  INFO 23364 --- [           main] c.d.erp.controller.InventoryController   : 接收到获取库存列表请求: page=0, size=10
2025-06-16T21:56:48.143+08:00  INFO 23364 --- [           main] c.d.erp.controller.InventoryController   : 成功返回库存列表，数量: 2
]]></system-out>
  </testcase>
  <testcase name="testCreateInventory" classname="com.daacooerp.erp.controller.InventoryControllerTest" time="0.013">
    <system-out><![CDATA[2025-06-16T21:56:48.153+08:00  INFO 23364 --- [           main] o.s.b.t.m.w.SpringBootMockServletContext : Initializing Spring TestDispatcherServlet ''
2025-06-16T21:56:48.154+08:00  INFO 23364 --- [           main] o.s.t.web.servlet.TestDispatcherServlet  : Initializing Servlet ''
2025-06-16T21:56:48.155+08:00  INFO 23364 --- [           main] o.s.t.web.servlet.TestDispatcherServlet  : Completed initialization in 1 ms
🔒 JWT拦截器处理请求: POST /api/inventory
🎫 请求头中的Authorization: Bearer valid-token...
🔑 提取的实际token长度: 11
✅ Token验证结果: 有效
👤 从token中解析的用户名: testuser
🔍 数据库中查找用户结果: 找到
👤 用户状态: 活跃
✅ JWT认证成功，允许访问
2025-06-16T21:56:48.158+08:00  INFO 23364 --- [           main] c.d.erp.controller.InventoryController   : 接收到创建库存请求: 新商品
2025-06-16T21:56:48.158+08:00  INFO 23364 --- [           main] c.d.erp.controller.InventoryController   : 库存创建成功: id=3
]]></system-out>
  </testcase>
  <testcase name="testGetInventoryByProductName" classname="com.daacooerp.erp.controller.InventoryControllerTest" time="0.012">
    <system-out><![CDATA[2025-06-16T21:56:48.167+08:00  INFO 23364 --- [           main] o.s.b.t.m.w.SpringBootMockServletContext : Initializing Spring TestDispatcherServlet ''
2025-06-16T21:56:48.167+08:00  INFO 23364 --- [           main] o.s.t.web.servlet.TestDispatcherServlet  : Initializing Servlet ''
2025-06-16T21:56:48.168+08:00  INFO 23364 --- [           main] o.s.t.web.servlet.TestDispatcherServlet  : Completed initialization in 1 ms
🔒 JWT拦截器处理请求: GET /api/inventory/by-name/%E6%B5%8B%E8%AF%95%E5%95%86%E5%93%81
🎫 请求头中的Authorization: Bearer valid-token...
🔑 提取的实际token长度: 11
✅ Token验证结果: 有效
👤 从token中解析的用户名: testuser
🔍 数据库中查找用户结果: 找到
👤 用户状态: 活跃
✅ JWT认证成功，允许访问
2025-06-16T21:56:48.170+08:00  INFO 23364 --- [           main] c.d.erp.controller.InventoryController   : 根据商品名称获取库存详情: 测试商品
2025-06-16T21:56:48.170+08:00  INFO 23364 --- [           main] c.d.erp.controller.InventoryController   : 找到库存记录: 商品=测试商品, 价格=10.5, 数量=100
]]></system-out>
  </testcase>
  <testcase name="testStockIn" classname="com.daacooerp.erp.controller.InventoryControllerTest" time="0.01">
    <system-out><![CDATA[2025-06-16T21:56:48.179+08:00  INFO 23364 --- [           main] o.s.b.t.m.w.SpringBootMockServletContext : Initializing Spring TestDispatcherServlet ''
2025-06-16T21:56:48.179+08:00  INFO 23364 --- [           main] o.s.t.web.servlet.TestDispatcherServlet  : Initializing Servlet ''
2025-06-16T21:56:48.180+08:00  INFO 23364 --- [           main] o.s.t.web.servlet.TestDispatcherServlet  : Completed initialization in 1 ms
🔒 JWT拦截器处理请求: POST /api/inventory/stock-in
🎫 请求头中的Authorization: Bearer valid-token...
🔑 提取的实际token长度: 11
✅ Token验证结果: 有效
👤 从token中解析的用户名: testuser
🔍 数据库中查找用户结果: 找到
👤 用户状态: 活跃
✅ JWT认证成功，允许访问
2025-06-16T21:56:48.184+08:00  INFO 23364 --- [           main] c.d.erp.controller.InventoryController   : 接收到库存入库请求: id=1, quantity=50
2025-06-16T21:56:48.184+08:00  INFO 23364 --- [           main] c.d.erp.controller.InventoryController   : 库存入库成功: id=1, 新数量=150
]]></system-out>
  </testcase>
</testsuite>